<?xml version="1.0" encoding="UTF-8"?>
<testsuite xmlns:xsi="http://www.w3.org/2001/XMLSchema-instance" xsi:noNamespaceSchemaLocation="https://maven.apache.org/surefire/maven-surefire-plugin/xsd/surefire-test-report.xsd" name="MainTest" time="0.031" tests="3" errors="0" skipped="0" failures="0">
  <properties>
    <property name="sun.desktop" value="windows"/>
    <property name="awt.toolkit" value="sun.awt.windows.WToolkit"/>
    <property name="file.encoding.pkg" value="sun.io"/>
    <property name="java.specification.version" value="1.8"/>
    <property name="sun.cpu.isalist" value="amd64"/>
    <property name="sun.jnu.encoding" value="Cp1251"/>
    <property name="java.class.path" value="C:\Users\iakovlevmo\.m2\repository\org\apache\maven\surefire\surefire-booter\2.22.2\surefire-booter-2.22.2.jar;C:\Users\iakovlevmo\.m2\repository\org\apache\maven\surefire\surefire-api\2.22.2\surefire-api-2.22.2.jar;C:\Users\iakovlevmo\.m2\repository\org\apache\maven\surefire\surefire-logger-api\2.22.2\surefire-logger-api-2.22.2.jar;C:\Users\iakovlevmo\IdeaProjects\XML2JSONcc\target\test-classes;C:\Users\iakovlevmo\IdeaProjects\XML2JSONcc\target\classes;C:\Users\iakovlevmo\.m2\repository\com\fasterxml\jackson\core\jackson-core\2.2.2\jackson-core-2.2.2.jar;C:\Users\iakovlevmo\.m2\repository\com\fasterxml\jackson\core\jackson-databind\2.2.2\jackson-databind-2.2.2.jar;C:\Users\iakovlevmo\.m2\repository\com\fasterxml\jackson\core\jackson-annotations\2.2.2\jackson-annotations-2.2.2.jar;C:\Users\iakovlevmo\.m2\repository\org\json\json\20180813\json-20180813.jar;C:\Users\iakovlevmo\.m2\repository\com\fasterxml\jackson\dataformat\jackson-dataformat-xml\2.9.0\jackson-dataformat-xml-2.9.0.jar;C:\Users\iakovlevmo\.m2\repository\com\fasterxml\jackson\module\jackson-module-jaxb-annotations\2.9.0\jackson-module-jaxb-annotations-2.9.0.jar;C:\Users\iakovlevmo\.m2\repository\org\codehaus\woodstox\stax2-api\3.1.4\stax2-api-3.1.4.jar;C:\Users\iakovlevmo\.m2\repository\com\fasterxml\woodstox\woodstox-core\5.0.3\woodstox-core-5.0.3.jar;C:\Users\iakovlevmo\.m2\repository\commons-io\commons-io\2.5\commons-io-2.5.jar;C:\Users\iakovlevmo\.m2\repository\junit\junit\4.12\junit-4.12.jar;C:\Users\iakovlevmo\.m2\repository\org\hamcrest\hamcrest-core\1.3\hamcrest-core-1.3.jar;C:\Users\iakovlevmo\.m2\repository\io\cucumber\cucumber-junit\4.3.1\cucumber-junit-4.3.1.jar;C:\Users\iakovlevmo\.m2\repository\io\cucumber\cucumber-core\4.3.1\cucumber-core-4.3.1.jar;C:\Users\iakovlevmo\.m2\repository\io\cucumber\cucumber-html\0.2.7\cucumber-html-0.2.7.jar;C:\Users\iakovlevmo\.m2\repository\io\cucumber\gherkin\5.1.0\gherkin-5.1.0.jar;C:\Users\iakovlevmo\.m2\repository\io\cucumber\tag-expressions\1.1.1\tag-expressions-1.1.1.jar;C:\Users\iakovlevmo\.m2\repository\io\cucumber\cucumber-expressions\6.2.2\cucumber-expressions-6.2.2.jar;C:\Users\iakovlevmo\.m2\repository\io\cucumber\datatable\1.1.12\datatable-1.1.12.jar;C:\Users\iakovlevmo\.m2\repository\io\cucumber\datatable-dependencies\1.1.12\datatable-dependencies-1.1.12.jar;C:\Users\iakovlevmo\.m2\repository\io\cucumber\cucumber-java\4.3.1\cucumber-java-4.3.1.jar;C:\Users\iakovlevmo\.m2\repository\io\qameta\allure\allure-junit4\2.11.0\allure-junit4-2.11.0.jar;C:\Users\iakovlevmo\.m2\repository\io\qameta\allure\allure-java-commons\2.11.0\allure-java-commons-2.11.0.jar;C:\Users\iakovlevmo\.m2\repository\io\qameta\allure\allure-model\2.11.0\allure-model-2.11.0.jar;C:\Users\iakovlevmo\.m2\repository\org\apache\tika\tika-core\1.20\tika-core-1.20.jar;C:\Users\iakovlevmo\.m2\repository\org\jooq\joor-java-8\0.9.10\joor-java-8-0.9.10.jar;C:\Users\iakovlevmo\.m2\repository\org\slf4j\slf4j-api\1.7.5\slf4j-api-1.7.5.jar;C:\Users\iakovlevmo\.m2\repository\org\slf4j\slf4j-log4j12\1.7.5\slf4j-log4j12-1.7.5.jar;C:\Users\iakovlevmo\.m2\repository\log4j\log4j\1.2.17\log4j-1.2.17.jar;C:\Users\iakovlevmo\.m2\repository\org\apache\maven\surefire\surefire-junit4\2.22.2\surefire-junit4-2.22.2.jar;C:\Users\iakovlevmo\.m2\repository/org/aspectj/aspectjweaver/1.9.4/aspectjweaver-1.9.4.jar"/>
    <property name="java.vm.vendor" value="Oracle Corporation"/>
    <property name="sun.arch.data.model" value="64"/>
    <property name="user.variant" value=""/>
    <property name="java.vendor.url" value="http://java.oracle.com/"/>
    <property name="user.timezone" value="Europe/Moscow"/>
    <property name="java.vm.specification.version" value="1.8"/>
    <property name="os.name" value="Windows 10"/>
    <property name="user.country" value="RU"/>
    <property name="sun.java.launcher" value="SUN_STANDARD"/>
    <property name="sun.boot.library.path" value="C:\Program Files\Java\jdk1.8.0_171\jre\bin"/>
    <property name="sun.java.command" value="org.apache.maven.surefire.booter.ForkedBooter C:\Users\iakovlevmo\AppData\Local\Temp\surefire86820774886182414 2019-05-21T12-54-51_571-jvmRun1 surefire5344736391231578929tmp surefire_0529204434316350876tmp"/>
    <property name="surefire.test.class.path" value="C:\Users\iakovlevmo\IdeaProjects\XML2JSONcc\target\test-classes;C:\Users\iakovlevmo\IdeaProjects\XML2JSONcc\target\classes;C:\Users\iakovlevmo\.m2\repository\com\fasterxml\jackson\core\jackson-core\2.2.2\jackson-core-2.2.2.jar;C:\Users\iakovlevmo\.m2\repository\com\fasterxml\jackson\core\jackson-databind\2.2.2\jackson-databind-2.2.2.jar;C:\Users\iakovlevmo\.m2\repository\com\fasterxml\jackson\core\jackson-annotations\2.2.2\jackson-annotations-2.2.2.jar;C:\Users\iakovlevmo\.m2\repository\org\json\json\20180813\json-20180813.jar;C:\Users\iakovlevmo\.m2\repository\com\fasterxml\jackson\dataformat\jackson-dataformat-xml\2.9.0\jackson-dataformat-xml-2.9.0.jar;C:\Users\iakovlevmo\.m2\repository\com\fasterxml\jackson\module\jackson-module-jaxb-annotations\2.9.0\jackson-module-jaxb-annotations-2.9.0.jar;C:\Users\iakovlevmo\.m2\repository\org\codehaus\woodstox\stax2-api\3.1.4\stax2-api-3.1.4.jar;C:\Users\iakovlevmo\.m2\repository\com\fasterxml\woodstox\woodstox-core\5.0.3\woodstox-core-5.0.3.jar;C:\Users\iakovlevmo\.m2\repository\commons-io\commons-io\2.5\commons-io-2.5.jar;C:\Users\iakovlevmo\.m2\repository\junit\junit\4.12\junit-4.12.jar;C:\Users\iakovlevmo\.m2\repository\org\hamcrest\hamcrest-core\1.3\hamcrest-core-1.3.jar;C:\Users\iakovlevmo\.m2\repository\io\cucumber\cucumber-junit\4.3.1\cucumber-junit-4.3.1.jar;C:\Users\iakovlevmo\.m2\repository\io\cucumber\cucumber-core\4.3.1\cucumber-core-4.3.1.jar;C:\Users\iakovlevmo\.m2\repository\io\cucumber\cucumber-html\0.2.7\cucumber-html-0.2.7.jar;C:\Users\iakovlevmo\.m2\repository\io\cucumber\gherkin\5.1.0\gherkin-5.1.0.jar;C:\Users\iakovlevmo\.m2\repository\io\cucumber\tag-expressions\1.1.1\tag-expressions-1.1.1.jar;C:\Users\iakovlevmo\.m2\repository\io\cucumber\cucumber-expressions\6.2.2\cucumber-expressions-6.2.2.jar;C:\Users\iakovlevmo\.m2\repository\io\cucumber\datatable\1.1.12\datatable-1.1.12.jar;C:\Users\iakovlevmo\.m2\repository\io\cucumber\datatable-dependencies\1.1.12\datatable-dependencies-1.1.12.jar;C:\Users\iakovlevmo\.m2\repository\io\cucumber\cucumber-java\4.3.1\cucumber-java-4.3.1.jar;C:\Users\iakovlevmo\.m2\repository\io\qameta\allure\allure-junit4\2.11.0\allure-junit4-2.11.0.jar;C:\Users\iakovlevmo\.m2\repository\io\qameta\allure\allure-java-commons\2.11.0\allure-java-commons-2.11.0.jar;C:\Users\iakovlevmo\.m2\repository\io\qameta\allure\allure-model\2.11.0\allure-model-2.11.0.jar;C:\Users\iakovlevmo\.m2\repository\org\apache\tika\tika-core\1.20\tika-core-1.20.jar;C:\Users\iakovlevmo\.m2\repository\org\jooq\joor-java-8\0.9.10\joor-java-8-0.9.10.jar;C:\Users\iakovlevmo\.m2\repository\org\slf4j\slf4j-api\1.7.5\slf4j-api-1.7.5.jar;C:\Users\iakovlevmo\.m2\repository\org\slf4j\slf4j-log4j12\1.7.5\slf4j-log4j12-1.7.5.jar;C:\Users\iakovlevmo\.m2\repository\log4j\log4j\1.2.17\log4j-1.2.17.jar;"/>
    <property name="sun.cpu.endian" value="little"/>
    <property name="allure.results.directory" value="C:\Users\iakovlevmo\IdeaProjects\XML2JSONcc\target/allure-results"/>
    <property name="user.home" value="C:\Users\iakovlevmo"/>
    <property name="user.language" value="ru"/>
    <property name="java.specification.vendor" value="Oracle Corporation"/>
    <property name="java.home" value="C:\Program Files\Java\jdk1.8.0_171\jre"/>
    <property name="basedir" value="C:\Users\iakovlevmo\IdeaProjects\XML2JSONcc"/>
    <property name="file.separator" value="\"/>
    <property name="line.separator" value="&#10;"/>
    <property name="java.vm.specification.vendor" value="Oracle Corporation"/>
    <property name="java.specification.name" value="Java Platform API Specification"/>
    <property name="java.awt.graphicsenv" value="sun.awt.Win32GraphicsEnvironment"/>
    <property name="sun.boot.class.path" value="C:\Program Files\Java\jdk1.8.0_171\jre\lib\resources.jar;C:\Program Files\Java\jdk1.8.0_171\jre\lib\rt.jar;C:\Program Files\Java\jdk1.8.0_171\jre\lib\sunrsasign.jar;C:\Program Files\Java\jdk1.8.0_171\jre\lib\jsse.jar;C:\Program Files\Java\jdk1.8.0_171\jre\lib\jce.jar;C:\Program Files\Java\jdk1.8.0_171\jre\lib\charsets.jar;C:\Program Files\Java\jdk1.8.0_171\jre\lib\jfr.jar;C:\Program Files\Java\jdk1.8.0_171\jre\classes"/>
    <property name="user.script" value=""/>
    <property name="sun.management.compiler" value="HotSpot 64-Bit Tiered Compilers"/>
    <property name="java.runtime.version" value="1.8.0_171-b11"/>
    <property name="user.name" value="iakovlevmo"/>
    <property name="path.separator" value=";"/>
    <property name="os.version" value="10.0"/>
    <property name="java.endorsed.dirs" value="C:\Program Files\Java\jdk1.8.0_171\jre\lib\endorsed"/>
    <property name="java.runtime.name" value="Java(TM) SE Runtime Environment"/>
    <property name="file.encoding" value="Cp1251"/>
    <property name="java.vm.name" value="Java HotSpot(TM) 64-Bit Server VM"/>
    <property name="localRepository" value="C:\Users\iakovlevmo\.m2\repository"/>
    <property name="java.vendor.url.bug" value="http://bugreport.sun.com/bugreport/"/>
    <property name="java.io.tmpdir" value="C:\Users\IAKOVL~1\AppData\Local\Temp\"/>
    <property name="idea.version" value="2018.3.6"/>
    <property name="java.version" value="1.8.0_171"/>
    <property name="user.dir" value="C:\Users\iakovlevmo\IdeaProjects\XML2JSONcc"/>
    <property name="os.arch" value="amd64"/>
    <property name="java.vm.specification.name" value="Java Virtual Machine Specification"/>
    <property name="java.awt.printerjob" value="sun.awt.windows.WPrinterJob"/>
    <property name="sun.os.patch.level" value=""/>
    <property name="java.library.path" value="C:\Program Files\Java\jdk1.8.0_171\jre\bin;C:\WINDOWS\Sun\Java\bin;C:\WINDOWS\system32;C:\WINDOWS;C:\Program Files (x86)\Common Files\Oracle\Java\javapath;C:\WINDOWS\system32;C:\WINDOWS;C:\WINDOWS\System32\Wbem;C:\WINDOWS\System32\WindowsPowerShell\v1.0\;C:\Program Files\Git\cmd;C:\Users\iakovlevmo\AppData\Local\Microsoft\WindowsApps;;."/>
    <property name="java.vm.info" value="mixed mode"/>
    <property name="java.vendor" value="Oracle Corporation"/>
    <property name="java.vm.version" value="25.171-b11"/>
    <property name="java.ext.dirs" value="C:\Program Files\Java\jdk1.8.0_171\jre\lib\ext;C:\WINDOWS\Sun\Java\lib\ext"/>
    <property name="sun.io.unicode.encoding" value="UnicodeLittle"/>
    <property name="java.class.version" value="52.0"/>
  </properties>
  <testcase name="TestWrongXML" classname="MainTest" time="0.031"/>
  <testcase name="TestOneElement" classname="MainTest" time="0"/>
  <testcase name="TestFiveElements" classname="MainTest" time="0"/>
</testsuite>